<?xml version="1.0" encoding="UTF-8"?>
<TestRun id="11c57f19-dc59-4d07-9766-ea7b389f98ed" name="John@MARIO 2013-02-03 08:59:45" runUser="Mario\John" xmlns="http://microsoft.com/schemas/VisualStudio/TeamTest/2010">
  <TestSettings name="Default Test Settings" id="4ac618d5-13dd-4d0e-8ba2-8ac62e16699a">
    <Execution>
      <TestTypeSpecific />
      <AgentRule name="Execution Agents">
      </AgentRule>
    </Execution>
    <Deployment runDeploymentRoot="John_MARIO 2013-02-03 08_59_45" />
  </TestSettings>
  <Times creation="2013-02-03T08:59:45.1689912-05:00" queuing="2013-02-03T08:59:45.4550075-05:00" start="2013-02-03T08:59:45.5180111-05:00" finish="2013-02-03T08:59:45.7490243-05:00" />
  <ResultSummary outcome="Completed">
    <Counters total="1" executed="1" passed="1" error="0" failed="0" timeout="0" aborted="0" inconclusive="0" passedButRunAborted="0" notRunnable="0" notExecuted="0" disconnected="0" warning="0" completed="0" inProgress="0" pending="0" />
  </ResultSummary>
  <TestDefinitions>
    <UnitTest name="TestMethod1" storage="helloworldtests\bin\debug\helloworldtests.dll" id="5e31dd07-94a6-154a-c432-42c66e0a0486">
      <Execution id="9ab6d1a4-0059-4ea6-a52f-0f25b82c13f8" />
      <TestMethod codeBase="C:/WIP/Hello/HelloWorld/HelloWorldTests/bin/Debug/HelloWorldTests.DLL" adapterTypeName="Microsoft.VisualStudio.TestTools.TestTypes.Unit.UnitTestAdapter, Microsoft.VisualStudio.QualityTools.Tips.UnitTest.Adapter, Version=11.0.0.0, Culture=neutral, PublicKeyToken=b03f5f7f11d50a3a" className="HelloWorldTests.UnitTest1, HelloWorldTests, Version=1.0.0.0, Culture=neutral, PublicKeyToken=null" name="TestMethod1" />
    </UnitTest>
  </TestDefinitions>
  <TestLists>
    <TestList name="Results Not in a List" id="8c84fa94-04c1-424b-9868-57a2d4851a1d" />
    <TestList name="All Loaded Results" id="19431567-8539-422a-85d7-44ee4e166bda" />
  </TestLists>
  <TestEntries>
    <TestEntry testId="5e31dd07-94a6-154a-c432-42c66e0a0486" executionId="9ab6d1a4-0059-4ea6-a52f-0f25b82c13f8" testListId="8c84fa94-04c1-424b-9868-57a2d4851a1d" />
  </TestEntries>
  <Results>
    <UnitTestResult executionId="9ab6d1a4-0059-4ea6-a52f-0f25b82c13f8" testId="5e31dd07-94a6-154a-c432-42c66e0a0486" testName="TestMethod1" computerName="MARIO" duration="00:00:00.0114593" startTime="2013-02-03T08:59:45.5500130-05:00" endTime="2013-02-03T08:59:45.7190226-05:00" testType="13cdc9d9-ddb5-4fa4-a97d-d965ccfc6d4b" outcome="Passed" testListId="8c84fa94-04c1-424b-9868-57a2d4851a1d" relativeResultsDirectory="9ab6d1a4-0059-4ea6-a52f-0f25b82c13f8">
    </UnitTestResult>
  </Results>
</TestRun>